{"C:\\Users\\ezkin\\Documents\\cursos-fernando-herrera\\react\\gifs-app\\src\\GifsApp.tsx": {"path":"C:\\Users\\ezkin\\Documents\\cursos-fernando-herrera\\react\\gifs-app\\src\\GifsApp.tsx","statementMap":{"0":{"start":{"line":9,"column":65},"end":{"line":9,"column":null}},"1":{"start":{"line":11,"column":4},"end":{"line":33,"column":null}}},"fnMap":{"0":{"name":"GifsApp","decl":{"start":{"line":7,"column":24},"end":{"line":7,"column":null}},"loc":{"start":{"line":7,"column":24},"end":{"line":37,"column":null}},"line":7}},"branchMap":{},"s":{"0":1,"1":1},"f":{"0":1},"b":{},"meta":{"lastBranch":0,"lastFunction":1,"lastStatement":2,"seen":{"f:7:24:7:Infinity":0,"s:9:65:9:Infinity":0,"s:11:4:33:Infinity":1}}}
,"C:\\Users\\ezkin\\Documents\\cursos-fernando-herrera\\react\\gifs-app\\src\\counter\\components\\MyCounterApp.tsx": {"path":"C:\\Users\\ezkin\\Documents\\cursos-fernando-herrera\\react\\gifs-app\\src\\counter\\components\\MyCounterApp.tsx","statementMap":{"0":{"start":{"line":3,"column":28},"end":{"line":28,"column":null}},"1":{"start":{"line":4,"column":59},"end":{"line":4,"column":null}},"2":{"start":{"line":6,"column":2},"end":{"line":23,"column":null}}},"fnMap":{"0":{"name":"(anonymous_0)","decl":{"start":{"line":3,"column":28},"end":{"line":3,"column":null}},"loc":{"start":{"line":3,"column":28},"end":{"line":28,"column":null}},"line":3}},"branchMap":{},"s":{"0":2,"1":7,"2":7},"f":{"0":7},"b":{},"meta":{"lastBranch":0,"lastFunction":1,"lastStatement":3,"seen":{"s:3:28:28:Infinity":0,"f:3:28:3:Infinity":0,"s:4:59:4:Infinity":1,"s:6:2:23:Infinity":2}}}
,"C:\\Users\\ezkin\\Documents\\cursos-fernando-herrera\\react\\gifs-app\\src\\counter\\hooks\\useCounter.tsx": {"path":"C:\\Users\\ezkin\\Documents\\cursos-fernando-herrera\\react\\gifs-app\\src\\counter\\hooks\\useCounter.tsx","statementMap":{"0":{"start":{"line":3,"column":26},"end":{"line":30,"column":null}},"1":{"start":{"line":5,"column":29},"end":{"line":5,"column":null}},"2":{"start":{"line":7,"column":20},"end":{"line":9,"column":null}},"3":{"start":{"line":8,"column":4},"end":{"line":8,"column":null}},"4":{"start":{"line":11,"column":25},"end":{"line":15,"column":null}},"5":{"start":{"line":12,"column":4},"end":{"line":12,"column":null}},"6":{"start":{"line":12,"column":23},"end":{"line":12,"column":null}},"7":{"start":{"line":14,"column":4},"end":{"line":14,"column":null}},"8":{"start":{"line":14,"column":28},"end":{"line":14,"column":null}},"9":{"start":{"line":17,"column":22},"end":{"line":19,"column":null}},"10":{"start":{"line":18,"column":4},"end":{"line":18,"column":null}},"11":{"start":{"line":21,"column":2},"end":{"line":29,"column":null}}},"fnMap":{"0":{"name":"(anonymous_0)","decl":{"start":{"line":3,"column":26},"end":{"line":3,"column":27}},"loc":{"start":{"line":3,"column":51},"end":{"line":30,"column":null}},"line":3},"1":{"name":"(anonymous_1)","decl":{"start":{"line":7,"column":20},"end":{"line":7,"column":null}},"loc":{"start":{"line":7,"column":20},"end":{"line":9,"column":null}},"line":7},"2":{"name":"(anonymous_2)","decl":{"start":{"line":11,"column":25},"end":{"line":11,"column":null}},"loc":{"start":{"line":11,"column":25},"end":{"line":15,"column":null}},"line":11},"3":{"name":"(anonymous_3)","decl":{"start":{"line":14,"column":15},"end":{"line":14,"column":28}},"loc":{"start":{"line":14,"column":28},"end":{"line":14,"column":null}},"line":14},"4":{"name":"(anonymous_4)","decl":{"start":{"line":17,"column":22},"end":{"line":17,"column":null}},"loc":{"start":{"line":17,"column":22},"end":{"line":19,"column":null}},"line":17}},"branchMap":{"0":{"loc":{"start":{"line":3,"column":27},"end":{"line":3,"column":51}},"type":"default-arg","locations":[{"start":{"line":3,"column":50},"end":{"line":3,"column":51}}],"line":3},"1":{"loc":{"start":{"line":12,"column":4},"end":{"line":12,"column":null}},"type":"if","locations":[{"start":{"line":12,"column":4},"end":{"line":12,"column":null}},{"start":{},"end":{}}],"line":12}},"s":{"0":2,"1":13,"2":13,"3":2,"4":13,"5":4,"6":1,"7":3,"8":3,"9":13,"10":1,"11":13},"f":{"0":13,"1":2,"2":4,"3":3,"4":1},"b":{"0":[13],"1":[1,3]},"meta":{"lastBranch":2,"lastFunction":5,"lastStatement":12,"seen":{"s:3:26:30:Infinity":0,"f:3:26:3:27":0,"b:3:50:3:51":0,"s:5:29:5:Infinity":1,"s:7:20:9:Infinity":2,"f:7:20:7:Infinity":1,"s:8:4:8:Infinity":3,"s:11:25:15:Infinity":4,"f:11:25:11:Infinity":2,"b:12:4:12:Infinity:undefined:undefined:undefined:undefined":1,"s:12:4:12:Infinity":5,"s:12:23:12:Infinity":6,"s:14:4:14:Infinity":7,"f:14:15:14:28":3,"s:14:28:14:Infinity":8,"s:17:22:19:Infinity":9,"f:17:22:17:Infinity":4,"s:18:4:18:Infinity":10,"s:21:2:29:Infinity":11}}}
,"C:\\Users\\ezkin\\Documents\\cursos-fernando-herrera\\react\\gifs-app\\src\\gifs\\actions\\get-gifs-by-query.actions.ts": {"path":"C:\\Users\\ezkin\\Documents\\cursos-fernando-herrera\\react\\gifs-app\\src\\gifs\\actions\\get-gifs-by-query.actions.ts","statementMap":{"0":{"start":{"line":6,"column":30},"end":{"line":33,"column":null}},"1":{"start":{"line":8,"column":2},"end":{"line":10,"column":null}},"2":{"start":{"line":9,"column":4},"end":{"line":9,"column":null}},"3":{"start":{"line":12,"column":2},"end":{"line":31,"column":null}},"4":{"start":{"line":13,"column":21},"end":{"line":18,"column":null}},"5":{"start":{"line":20,"column":4},"end":{"line":26,"column":null}},"6":{"start":{"line":20,"column":44},"end":{"line":26,"column":null}},"7":{"start":{"line":29,"column":4},"end":{"line":29,"column":null}},"8":{"start":{"line":30,"column":4},"end":{"line":30,"column":null}}},"fnMap":{"0":{"name":"(anonymous_0)","decl":{"start":{"line":6,"column":30},"end":{"line":6,"column":37}},"loc":{"start":{"line":6,"column":37},"end":{"line":33,"column":null}},"line":6},"1":{"name":"(anonymous_1)","decl":{"start":{"line":20,"column":34},"end":{"line":20,"column":35}},"loc":{"start":{"line":20,"column":44},"end":{"line":26,"column":null}},"line":20}},"branchMap":{"0":{"loc":{"start":{"line":8,"column":2},"end":{"line":10,"column":null}},"type":"if","locations":[{"start":{"line":8,"column":2},"end":{"line":10,"column":null}},{"start":{},"end":{}}],"line":8}},"s":{"0":3,"1":6,"2":1,"3":5,"4":5,"5":4,"6":40,"7":1,"8":1},"f":{"0":6,"1":40},"b":{"0":[1,5]},"meta":{"lastBranch":1,"lastFunction":2,"lastStatement":9,"seen":{"s:6:30:33:Infinity":0,"f:6:30:6:37":0,"b:8:2:10:Infinity:undefined:undefined:undefined:undefined":0,"s:8:2:10:Infinity":1,"s:9:4:9:Infinity":2,"s:12:2:31:Infinity":3,"s:13:21:18:Infinity":4,"s:20:4:26:Infinity":5,"f:20:34:20:35":1,"s:20:44:26:Infinity":6,"s:29:4:29:Infinity":7,"s:30:4:30:Infinity":8}}}
,"C:\\Users\\ezkin\\Documents\\cursos-fernando-herrera\\react\\gifs-app\\src\\gifs\\api\\giphy.api.ts": {"path":"C:\\Users\\ezkin\\Documents\\cursos-fernando-herrera\\react\\gifs-app\\src\\gifs\\api\\giphy.api.ts","statementMap":{"0":{"start":{"line":4,"column":24},"end":{"line":11,"column":null}}},"fnMap":{},"branchMap":{},"s":{"0":4},"f":{},"b":{},"meta":{"lastBranch":0,"lastFunction":0,"lastStatement":1,"seen":{"s:4:24:11:Infinity":0}}}
,"C:\\Users\\ezkin\\Documents\\cursos-fernando-herrera\\react\\gifs-app\\src\\gifs\\components\\GifList.tsx": {"path":"C:\\Users\\ezkin\\Documents\\cursos-fernando-herrera\\react\\gifs-app\\src\\gifs\\components\\GifList.tsx","statementMap":{"0":{"start":{"line":9,"column":2},"end":{"line":13,"column":28}},"1":{"start":{"line":12,"column":19},"end":{"line":13,"column":28}}},"fnMap":{"0":{"name":"GifList","decl":{"start":{"line":7,"column":24},"end":{"line":7,"column":32}},"loc":{"start":{"line":7,"column":54},"end":{"line":23,"column":null}},"line":7},"1":{"name":"(anonymous_1)","decl":{"start":{"line":12,"column":18},"end":{"line":12,"column":19}},"loc":{"start":{"line":12,"column":19},"end":{"line":13,"column":28}},"line":12}},"branchMap":{},"s":{"0":1,"1":0},"f":{"0":1,"1":0},"b":{},"meta":{"lastBranch":0,"lastFunction":2,"lastStatement":2,"seen":{"f:7:24:7:32":0,"s:9:2:13:28":0,"f:12:18:12:19":1,"s:12:19:13:28":1}}}
,"C:\\Users\\ezkin\\Documents\\cursos-fernando-herrera\\react\\gifs-app\\src\\gifs\\components\\PreviousSearches.tsx": {"path":"C:\\Users\\ezkin\\Documents\\cursos-fernando-herrera\\react\\gifs-app\\src\\gifs\\components\\PreviousSearches.tsx","statementMap":{"0":{"start":{"line":9,"column":59},"end":{"line":25,"column":null}},"1":{"start":{"line":10,"column":2},"end":{"line":18,"column":null}},"2":{"start":{"line":15,"column":25},"end":{"line":18,"column":null}},"3":{"start":{"line":17,"column":29},"end":{"line":17,"column":null}}},"fnMap":{"0":{"name":"(anonymous_0)","decl":{"start":{"line":9,"column":59},"end":{"line":9,"column":60}},"loc":{"start":{"line":9,"column":88},"end":{"line":25,"column":null}},"line":9},"1":{"name":"(anonymous_1)","decl":{"start":{"line":15,"column":24},"end":{"line":15,"column":25}},"loc":{"start":{"line":15,"column":25},"end":{"line":18,"column":null}},"line":15},"2":{"name":"(anonymous_2)","decl":{"start":{"line":17,"column":23},"end":{"line":17,"column":29}},"loc":{"start":{"line":17,"column":29},"end":{"line":17,"column":null}},"line":17}},"branchMap":{},"s":{"0":1,"1":1,"2":0,"3":0},"f":{"0":1,"1":0,"2":0},"b":{},"meta":{"lastBranch":0,"lastFunction":3,"lastStatement":4,"seen":{"s:9:59:25:Infinity":0,"f:9:59:9:60":0,"s:10:2:18:Infinity":1,"f:15:24:15:25":1,"s:15:25:18:Infinity":2,"f:17:23:17:29":2,"s:17:29:17:Infinity":3}}}
,"C:\\Users\\ezkin\\Documents\\cursos-fernando-herrera\\react\\gifs-app\\src\\gifs\\hooks\\useGif.tsx": {"path":"C:\\Users\\ezkin\\Documents\\cursos-fernando-herrera\\react\\gifs-app\\src\\gifs\\hooks\\useGif.tsx","statementMap":{"0":{"start":{"line":7,"column":22},"end":{"line":48,"column":null}},"1":{"start":{"line":9,"column":39},"end":{"line":9,"column":null}},"2":{"start":{"line":10,"column":23},"end":{"line":10,"column":null}},"3":{"start":{"line":12,"column":8},"end":{"line":12,"column":null}},"4":{"start":{"line":14,"column":28},"end":{"line":23,"column":null}},"5":{"start":{"line":15,"column":4},"end":{"line":18,"column":null}},"6":{"start":{"line":16,"column":6},"end":{"line":16,"column":null}},"7":{"start":{"line":17,"column":6},"end":{"line":17,"column":null}},"8":{"start":{"line":20,"column":17},"end":{"line":20,"column":null}},"9":{"start":{"line":21,"column":4},"end":{"line":21,"column":null}},"10":{"start":{"line":22,"column":4},"end":{"line":22,"column":null}},"11":{"start":{"line":25,"column":23},"end":{"line":38,"column":null}},"12":{"start":{"line":26,"column":4},"end":{"line":26,"column":null}},"13":{"start":{"line":28,"column":4},"end":{"line":28,"column":null}},"14":{"start":{"line":28,"column":28},"end":{"line":28,"column":null}},"15":{"start":{"line":29,"column":4},"end":{"line":29,"column":null}},"16":{"start":{"line":29,"column":38},"end":{"line":29,"column":null}},"17":{"start":{"line":31,"column":4},"end":{"line":31,"column":null}},"18":{"start":{"line":33,"column":17},"end":{"line":33,"column":null}},"19":{"start":{"line":34,"column":4},"end":{"line":34,"column":null}},"20":{"start":{"line":36,"column":4},"end":{"line":36,"column":null}},"21":{"start":{"line":39,"column":2},"end":{"line":47,"column":null}}},"fnMap":{"0":{"name":"(anonymous_0)","decl":{"start":{"line":7,"column":22},"end":{"line":7,"column":null}},"loc":{"start":{"line":7,"column":22},"end":{"line":48,"column":null}},"line":7},"1":{"name":"(anonymous_1)","decl":{"start":{"line":14,"column":28},"end":{"line":14,"column":35}},"loc":{"start":{"line":14,"column":35},"end":{"line":23,"column":null}},"line":14},"2":{"name":"(anonymous_2)","decl":{"start":{"line":25,"column":23},"end":{"line":25,"column":30}},"loc":{"start":{"line":25,"column":48},"end":{"line":38,"column":null}},"line":25}},"branchMap":{"0":{"loc":{"start":{"line":15,"column":4},"end":{"line":18,"column":null}},"type":"if","locations":[{"start":{"line":15,"column":4},"end":{"line":18,"column":null}},{"start":{},"end":{}}],"line":15},"1":{"loc":{"start":{"line":25,"column":30},"end":{"line":25,"column":48}},"type":"default-arg","locations":[{"start":{"line":25,"column":46},"end":{"line":25,"column":48}}],"line":25},"2":{"loc":{"start":{"line":28,"column":4},"end":{"line":28,"column":null}},"type":"if","locations":[{"start":{"line":28,"column":4},"end":{"line":28,"column":null}},{"start":{},"end":{}}],"line":28},"3":{"loc":{"start":{"line":29,"column":4},"end":{"line":29,"column":null}},"type":"if","locations":[{"start":{"line":29,"column":4},"end":{"line":29,"column":null}},{"start":{},"end":{}}],"line":29}},"s":{"0":2,"1":19,"2":19,"3":19,"4":19,"5":3,"6":1,"7":1,"8":2,"9":2,"10":2,"11":19,"12":10,"13":10,"14":0,"15":10,"16":0,"17":10,"18":10,"19":10,"20":10,"21":19},"f":{"0":19,"1":3,"2":10},"b":{"0":[1,2],"1":[10],"2":[0,10],"3":[0,10]},"meta":{"lastBranch":4,"lastFunction":3,"lastStatement":22,"seen":{"s:7:22:48:Infinity":0,"f:7:22:7:Infinity":0,"s:9:39:9:Infinity":1,"s:10:23:10:Infinity":2,"s:12:8:12:Infinity":3,"s:14:28:23:Infinity":4,"f:14:28:14:35":1,"b:15:4:18:Infinity:undefined:undefined:undefined:undefined":0,"s:15:4:18:Infinity":5,"s:16:6:16:Infinity":6,"s:17:6:17:Infinity":7,"s:20:17:20:Infinity":8,"s:21:4:21:Infinity":9,"s:22:4:22:Infinity":10,"s:25:23:38:Infinity":11,"f:25:23:25:30":2,"b:25:46:25:48":1,"s:26:4:26:Infinity":12,"b:28:4:28:Infinity:undefined:undefined:undefined:undefined":2,"s:28:4:28:Infinity":13,"s:28:28:28:Infinity":14,"b:29:4:29:Infinity:undefined:undefined:undefined:undefined":3,"s:29:4:29:Infinity":15,"s:29:38:29:Infinity":16,"s:31:4:31:Infinity":17,"s:33:17:33:Infinity":18,"s:34:4:34:Infinity":19,"s:36:4:36:Infinity":20,"s:39:2:47:Infinity":21}}}
,"C:\\Users\\ezkin\\Documents\\cursos-fernando-herrera\\react\\gifs-app\\src\\shared\\components\\CustomHeader.tsx": {"path":"C:\\Users\\ezkin\\Documents\\cursos-fernando-herrera\\react\\gifs-app\\src\\shared\\components\\CustomHeader.tsx","statementMap":{"0":{"start":{"line":8,"column":2},"end":{"line":14,"column":null}}},"fnMap":{"0":{"name":"CustomHeader","decl":{"start":{"line":7,"column":24},"end":{"line":7,"column":37}},"loc":{"start":{"line":7,"column":78},"end":{"line":19,"column":null}},"line":7}},"branchMap":{"0":{"loc":{"start":{"line":13,"column":9},"end":{"line":14,"column":null}},"type":"binary-expr","locations":[{"start":{"line":13,"column":9},"end":{"line":13,"column":null}},{"start":{"line":13,"column":9},"end":{"line":14,"column":null}}],"line":13}},"s":{"0":4},"f":{"0":4},"b":{"0":[4,2]},"meta":{"lastBranch":1,"lastFunction":1,"lastStatement":1,"seen":{"f:7:24:7:37":0,"s:8:2:14:Infinity":0,"b:13:9:13:Infinity:13:9:14:Infinity":0}}}
,"C:\\Users\\ezkin\\Documents\\cursos-fernando-herrera\\react\\gifs-app\\src\\shared\\components\\SearchBar.tsx": {"path":"C:\\Users\\ezkin\\Documents\\cursos-fernando-herrera\\react\\gifs-app\\src\\shared\\components\\SearchBar.tsx","statementMap":{"0":{"start":{"line":11,"column":25},"end":{"line":11,"column":null}},"1":{"start":{"line":13,"column":2},"end":{"line":22,"column":null}},"2":{"start":{"line":14,"column":22},"end":{"line":16,"column":null}},"3":{"start":{"line":15,"column":6},"end":{"line":15,"column":null}},"4":{"start":{"line":18,"column":4},"end":{"line":20,"column":null}},"5":{"start":{"line":19,"column":6},"end":{"line":19,"column":null}},"6":{"start":{"line":24,"column":23},"end":{"line":27,"column":null}},"7":{"start":{"line":25,"column":4},"end":{"line":25,"column":null}},"8":{"start":{"line":26,"column":4},"end":{"line":26,"column":null}},"9":{"start":{"line":29,"column":24},"end":{"line":33,"column":null}},"10":{"start":{"line":30,"column":4},"end":{"line":32,"column":null}},"11":{"start":{"line":31,"column":6},"end":{"line":31,"column":null}},"12":{"start":{"line":35,"column":2},"end":{"line":47,"column":null}},"13":{"start":{"line":42,"column":31},"end":{"line":42,"column":null}}},"fnMap":{"0":{"name":"SearchBar","decl":{"start":{"line":9,"column":24},"end":{"line":9,"column":34}},"loc":{"start":{"line":9,"column":85},"end":{"line":51,"column":null}},"line":9},"1":{"name":"(anonymous_1)","decl":{"start":{"line":13,"column":12},"end":{"line":13,"column":null}},"loc":{"start":{"line":13,"column":12},"end":{"line":22,"column":5}},"line":13},"2":{"name":"(anonymous_2)","decl":{"start":{"line":14,"column":33},"end":{"line":14,"column":null}},"loc":{"start":{"line":14,"column":33},"end":{"line":16,"column":7}},"line":14},"3":{"name":"(anonymous_3)","decl":{"start":{"line":18,"column":11},"end":{"line":18,"column":null}},"loc":{"start":{"line":18,"column":11},"end":{"line":20,"column":null}},"line":18},"4":{"name":"(anonymous_4)","decl":{"start":{"line":24,"column":23},"end":{"line":24,"column":null}},"loc":{"start":{"line":24,"column":23},"end":{"line":27,"column":null}},"line":24},"5":{"name":"(anonymous_5)","decl":{"start":{"line":29,"column":24},"end":{"line":29,"column":25}},"loc":{"start":{"line":29,"column":25},"end":{"line":33,"column":null}},"line":29},"6":{"name":"(anonymous_6)","decl":{"start":{"line":42,"column":20},"end":{"line":42,"column":21}},"loc":{"start":{"line":42,"column":31},"end":{"line":42,"column":null}},"line":42}},"branchMap":{"0":{"loc":{"start":{"line":9,"column":36},"end":{"line":9,"column":58}},"type":"default-arg","locations":[{"start":{"line":9,"column":50},"end":{"line":9,"column":58}}],"line":9},"1":{"loc":{"start":{"line":30,"column":4},"end":{"line":32,"column":null}},"type":"if","locations":[{"start":{"line":30,"column":4},"end":{"line":32,"column":null}},{"start":{},"end":{}}],"line":30}},"s":{"0":13,"1":13,"2":13,"3":2,"4":13,"5":13,"6":13,"7":1,"8":1,"9":13,"10":0,"11":0,"12":13,"13":6},"f":{"0":13,"1":13,"2":2,"3":13,"4":1,"5":0,"6":6},"b":{"0":[13],"1":[0,0]},"meta":{"lastBranch":2,"lastFunction":7,"lastStatement":14,"seen":{"f:9:24:9:34":0,"b:9:50:9:58":0,"s:11:25:11:Infinity":0,"s:13:2:22:Infinity":1,"f:13:12:13:Infinity":1,"s:14:22:16:Infinity":2,"f:14:33:14:Infinity":2,"s:15:6:15:Infinity":3,"s:18:4:20:Infinity":4,"f:18:11:18:Infinity":3,"s:19:6:19:Infinity":5,"s:24:23:27:Infinity":6,"f:24:23:24:Infinity":4,"s:25:4:25:Infinity":7,"s:26:4:26:Infinity":8,"s:29:24:33:Infinity":9,"f:29:24:29:25":5,"b:30:4:32:Infinity:undefined:undefined:undefined:undefined":1,"s:30:4:32:Infinity":10,"s:31:6:31:Infinity":11,"s:35:2:47:Infinity":12,"f:42:20:42:21":6,"s:42:31:42:Infinity":13}}}
,"C:\\Users\\ezkin\\Documents\\cursos-fernando-herrera\\react\\gifs-app\\test\\mocks\\giphy.response.data.ts": {"path":"C:\\Users\\ezkin\\Documents\\cursos-fernando-herrera\\react\\gifs-app\\test\\mocks\\giphy.response.data.ts","statementMap":{"0":{"start":{"line":1,"column":39},"end":{"line":2095,"column":null}}},"fnMap":{},"branchMap":{},"s":{"0":1},"f":{},"b":{},"meta":{"lastBranch":0,"lastFunction":0,"lastStatement":1,"seen":{"s:1:39:2095:Infinity":0}}}
}
